1612458466.421299 client started (17879): version 2.8, socket /tmp/tmux-0/default, protocol 8
1612458466.421714 on Linux 5.10.6-v7+ #1393 SMP Mon Jan 11 15:05:59 GMT 2021; libevent 2.1.8-stable (poll)
1612458466.421900 socket is /tmp/tmux-0/default
1612458466.422015 trying connect
1612458466.422571 add peer 0x13c7fc8: 6 ((nil))
1612458466.423300 sending message 100 to peer 0x13c7fc8 (4 bytes)
1612458466.423428 sending message 101 to peer 0x13c7fc8 (6 bytes)
1612458466.423503 sending message 102 to peer 0x13c7fc8 (11 bytes)
1612458466.423571 sending message 108 to peer 0x13c7fc8 (23 bytes)
1612458466.423644 sending message 104 to peer 0x13c7fc8 (0 bytes)
1612458466.423713 sending message 107 to peer 0x13c7fc8 (4 bytes)
1612458466.423781 sending message 105 to peer 0x13c7fc8 (16 bytes)
1612458466.423847 sending message 105 to peer 0x13c7fc8 (27 bytes)
1612458466.423916 sending message 105 to peer 0x13c7fc8 (13 bytes)
1612458466.423982 sending message 105 to peer 0x13c7fc8 (11 bytes)
1612458466.424049 sending message 105 to peer 0x13c7fc8 (17 bytes)
1612458466.424116 sending message 105 to peer 0x13c7fc8 (11 bytes)
1612458466.424183 sending message 105 to peer 0x13c7fc8 (10 bytes)
1612458466.424248 sending message 105 to peer 0x13c7fc8 (8 bytes)
1612458466.424317 sending message 105 to peer 0x13c7fc8 (66 bytes)
1612458466.424383 sending message 105 to peer 0x13c7fc8 (20 bytes)
1612458466.424451 sending message 105 to peer 0x13c7fc8 (21 bytes)
1612458466.424519 sending message 105 to peer 0x13c7fc8 (16 bytes)
1612458466.424586 sending message 105 to peer 0x13c7fc8 (13 bytes)
1612458466.424657 sending message 106 to peer 0x13c7fc8 (0 bytes)
1612458466.424727 sending message 200 to peer 0x13c7fc8 (4 bytes)
1612458466.424787 client loop enter
1612458466.444001 peer 0x13c7fc8 message 207
1612458466.444193 sending message 208 to peer 0x13c7fc8 (0 bytes)
1612458469.870817 peer 0x13c7fc8 message 203
1612458469.870975 sending message 205 to peer 0x13c7fc8 (0 bytes)
1612458469.872664 peer 0x13c7fc8 message 204
1612458469.872824 client loop exit
